2015-06-09 21:39:45.663  INFO 17074 --- [main] b.c.n.w.enderecamento.WebApiApplication  : Starting WebApiApplication v1.0 on emarineli-vbox with PID 17074 (/home/emarineli/apps/java/busca-cep-webapi/target/busca-cep-webapi-1.0.jar started by emarineli in /home/emarineli/apps/java/busca-cep-webapi)
2015-06-09 21:39:45.756  INFO 17074 --- [main] ationConfigEmbeddedWebApplicationContext : Refreshing org.springframework.boot.context.embedded.AnnotationConfigEmbeddedWebApplicationContext@353180dc: startup date [Tue Jun 09 21:39:45 BRT 2015]; root of context hierarchy
2015-06-09 21:39:47.768  INFO 17074 --- [main] o.s.b.f.s.DefaultListableBeanFactory     : Overriding bean definition for bean 'beanNameViewResolver': replacing [Root bean: class [null]; scope=; abstract=false; lazyInit=false; autowireMode=3; dependencyCheck=0; autowireCandidate=true; primary=false; factoryBeanName=org.springframework.boot.autoconfigure.web.ErrorMvcAutoConfiguration$WhitelabelErrorViewConfiguration; factoryMethodName=beanNameViewResolver; initMethodName=null; destroyMethodName=(inferred); defined in class path resource [org/springframework/boot/autoconfigure/web/ErrorMvcAutoConfiguration$WhitelabelErrorViewConfiguration.class]] with [Root bean: class [null]; scope=; abstract=false; lazyInit=false; autowireMode=3; dependencyCheck=0; autowireCandidate=true; primary=false; factoryBeanName=org.springframework.boot.autoconfigure.web.WebMvcAutoConfiguration$WebMvcAutoConfigurationAdapter; factoryMethodName=beanNameViewResolver; initMethodName=null; destroyMethodName=(inferred); defined in class path resource [org/springframework/boot/autoconfigure/web/WebMvcAutoConfiguration$WebMvcAutoConfigurationAdapter.class]]
2015-06-09 21:39:50.265  INFO 17074 --- [main] s.b.c.e.t.TomcatEmbeddedServletContainer : Tomcat initialized with port(s): 9000 (http)
2015-06-09 21:39:50.998  INFO 17074 --- [main] o.apache.catalina.core.StandardService   : Starting service Tomcat
2015-06-09 21:39:51.008  INFO 17074 --- [main] org.apache.catalina.core.StandardEngine  : Starting Servlet Engine: Apache Tomcat/8.0.23
2015-06-09 21:39:51.443  INFO 17074 --- [localhost-startStop-1] o.a.c.c.C.[Tomcat].[localhost].[/]       : Initializing Spring embedded WebApplicationContext
2015-06-09 21:39:51.450  INFO 17074 --- [localhost-startStop-1] o.s.web.context.ContextLoader            : Root WebApplicationContext: initialization completed in 5696 ms
2015-06-09 21:39:53.612  INFO 17074 --- [localhost-startStop-1] o.s.b.c.e.ServletRegistrationBean        : Mapping servlet: 'dispatcherServlet' to [/]
2015-06-09 21:39:53.625  INFO 17074 --- [localhost-startStop-1] o.s.b.c.embedded.FilterRegistrationBean  : Mapping filter: 'metricFilter' to: [/*]
2015-06-09 21:39:53.630  INFO 17074 --- [localhost-startStop-1] o.s.b.c.embedded.FilterRegistrationBean  : Mapping filter: 'characterEncodingFilter' to: [/*]
2015-06-09 21:39:53.630  INFO 17074 --- [localhost-startStop-1] o.s.b.c.embedded.FilterRegistrationBean  : Mapping filter: 'hiddenHttpMethodFilter' to: [/*]
2015-06-09 21:39:53.630  INFO 17074 --- [localhost-startStop-1] o.s.b.c.embedded.FilterRegistrationBean  : Mapping filter: 'webRequestLoggingFilter' to: [/*]
2015-06-09 21:39:53.630  INFO 17074 --- [localhost-startStop-1] o.s.b.c.embedded.FilterRegistrationBean  : Mapping filter: 'applicationContextIdFilter' to: [/*]
2015-06-09 21:39:54.003  INFO 17074 --- [main] s.w.s.m.m.a.RequestMappingHandlerAdapter : Looking for @ControllerAdvice: org.springframework.boot.context.embedded.AnnotationConfigEmbeddedWebApplicationContext@353180dc: startup date [Tue Jun 09 21:39:45 BRT 2015]; root of context hierarchy
2015-06-09 21:39:54.157  INFO 17074 --- [main] s.w.s.m.m.a.RequestMappingHandlerMapping : Mapped "{[/enderecamento/cep/{cep}],methods=[GET],params=[],headers=[],consumes=[],produces=[application/json],custom=[]}" onto public final br.com.ns.webapi.enderecamento.modelo.Endereco br.com.ns.webapi.enderecamento.recursos.EnderecamentoPostalRecurso.obterEnderecoPeloCodigoEnderecamento(java.lang.String)
2015-06-09 21:39:54.164  INFO 17074 --- [main] s.w.s.m.m.a.RequestMappingHandlerMapping : Mapped "{[/error],methods=[],params=[],headers=[],consumes=[],produces=[text/html],custom=[]}" onto public org.springframework.web.servlet.ModelAndView org.springframework.boot.autoconfigure.web.BasicErrorController.errorHtml(javax.servlet.http.HttpServletRequest)
2015-06-09 21:39:54.175  INFO 17074 --- [main] s.w.s.m.m.a.RequestMappingHandlerMapping : Mapped "{[/error],methods=[],params=[],headers=[],consumes=[],produces=[],custom=[]}" onto public org.springframework.http.ResponseEntity<java.util.Map<java.lang.String, java.lang.Object>> org.springframework.boot.autoconfigure.web.BasicErrorController.error(javax.servlet.http.HttpServletRequest)
2015-06-09 21:39:54.342  INFO 17074 --- [main] o.s.w.s.handler.SimpleUrlHandlerMapping  : Mapped URL path [/**] onto handler of type [class org.springframework.web.servlet.resource.ResourceHttpRequestHandler]
2015-06-09 21:39:54.346  INFO 17074 --- [main] o.s.w.s.handler.SimpleUrlHandlerMapping  : Mapped URL path [/webjars/**] onto handler of type [class org.springframework.web.servlet.resource.ResourceHttpRequestHandler]
2015-06-09 21:39:54.437  INFO 17074 --- [main] .m.m.a.ExceptionHandlerExceptionResolver : Detected @ExceptionHandler methods in globalResourceExceptionHandler
2015-06-09 21:39:54.534  INFO 17074 --- [main] o.s.w.s.handler.SimpleUrlHandlerMapping  : Mapped URL path [/**/favicon.ico] onto handler of type [class org.springframework.web.servlet.resource.ResourceHttpRequestHandler]
2015-06-09 21:39:56.203  INFO 17074 --- [main] o.s.j.e.a.AnnotationMBeanExporter        : Registering beans for JMX exposure on startup
2015-06-09 21:39:56.241  INFO 17074 --- [main] ationConfigEmbeddedWebApplicationContext : Refreshing org.springframework.boot.context.embedded.AnnotationConfigEmbeddedWebApplicationContext@5163cc8f: startup date [Tue Jun 09 21:39:56 BRT 2015]; parent: org.springframework.boot.context.embedded.AnnotationConfigEmbeddedWebApplicationContext@353180dc
2015-06-09 21:39:56.456  INFO 17074 --- [main] s.b.c.e.t.TomcatEmbeddedServletContainer : Tomcat initialized with port(s): 9001 (http)
2015-06-09 21:39:56.463  INFO 17074 --- [main] o.apache.catalina.core.StandardService   : Starting service Tomcat
2015-06-09 21:39:56.466  INFO 17074 --- [main] org.apache.catalina.core.StandardEngine  : Starting Servlet Engine: Apache Tomcat/8.0.23
2015-06-09 21:39:56.498  INFO 17074 --- [localhost-startStop-1] o.a.c.c.C.[Tomcat-1].[localhost].[/]     : Initializing Spring embedded WebApplicationContext
2015-06-09 21:39:56.502  INFO 17074 --- [localhost-startStop-1] o.s.web.context.ContextLoader            : Root WebApplicationContext: initialization completed in 262 ms
2015-06-09 21:39:56.579  INFO 17074 --- [localhost-startStop-1] o.s.b.c.e.ServletRegistrationBean        : Mapping servlet: 'dispatcherServlet' to [/]
2015-06-09 21:39:56.683  INFO 17074 --- [main] o.s.b.a.e.mvc.EndpointHandlerMapping     : Mapped "{[/dump],methods=[GET],params=[],headers=[],consumes=[],produces=[],custom=[]}" onto public java.lang.Object org.springframework.boot.actuate.endpoint.mvc.EndpointMvcAdapter.invoke()
2015-06-09 21:39:56.684  INFO 17074 --- [main] o.s.b.a.e.mvc.EndpointHandlerMapping     : Mapped "{[/info],methods=[GET],params=[],headers=[],consumes=[],produces=[],custom=[]}" onto public java.lang.Object org.springframework.boot.actuate.endpoint.mvc.EndpointMvcAdapter.invoke()
2015-06-09 21:39:56.686  INFO 17074 --- [main] o.s.b.a.e.mvc.EndpointHandlerMapping     : Mapped "{[/trace],methods=[GET],params=[],headers=[],consumes=[],produces=[],custom=[]}" onto public java.lang.Object org.springframework.boot.actuate.endpoint.mvc.EndpointMvcAdapter.invoke()
2015-06-09 21:39:56.687  INFO 17074 --- [main] o.s.b.a.e.mvc.EndpointHandlerMapping     : Mapped "{[/beans],methods=[GET],params=[],headers=[],consumes=[],produces=[],custom=[]}" onto public java.lang.Object org.springframework.boot.actuate.endpoint.mvc.EndpointMvcAdapter.invoke()
2015-06-09 21:39:56.691  INFO 17074 --- [main] o.s.b.a.e.mvc.EndpointHandlerMapping     : Mapped "{[/health],methods=[],params=[],headers=[],consumes=[],produces=[],custom=[]}" onto public java.lang.Object org.springframework.boot.actuate.endpoint.mvc.HealthMvcEndpoint.invoke(java.security.Principal)
2015-06-09 21:39:56.693  INFO 17074 --- [main] o.s.b.a.e.mvc.EndpointHandlerMapping     : Mapped "{[/env/{name:.*}],methods=[GET],params=[],headers=[],consumes=[],produces=[],custom=[]}" onto public java.lang.Object org.springframework.boot.actuate.endpoint.mvc.EnvironmentMvcEndpoint.value(java.lang.String)
2015-06-09 21:39:56.698  INFO 17074 --- [main] o.s.b.a.e.mvc.EndpointHandlerMapping     : Mapped "{[/env],methods=[GET],params=[],headers=[],consumes=[],produces=[],custom=[]}" onto public java.lang.Object org.springframework.boot.actuate.endpoint.mvc.EndpointMvcAdapter.invoke()
2015-06-09 21:39:56.699  INFO 17074 --- [main] o.s.b.a.e.mvc.EndpointHandlerMapping     : Mapped "{[/metrics/{name:.*}],methods=[GET],params=[],headers=[],consumes=[],produces=[],custom=[]}" onto public java.lang.Object org.springframework.boot.actuate.endpoint.mvc.MetricsMvcEndpoint.value(java.lang.String)
2015-06-09 21:39:56.702  INFO 17074 --- [main] o.s.b.a.e.mvc.EndpointHandlerMapping     : Mapped "{[/metrics],methods=[GET],params=[],headers=[],consumes=[],produces=[],custom=[]}" onto public java.lang.Object org.springframework.boot.actuate.endpoint.mvc.EndpointMvcAdapter.invoke()
2015-06-09 21:39:56.703  INFO 17074 --- [main] o.s.b.a.e.mvc.EndpointHandlerMapping     : Mapped "{[/autoconfig],methods=[GET],params=[],headers=[],consumes=[],produces=[],custom=[]}" onto public java.lang.Object org.springframework.boot.actuate.endpoint.mvc.EndpointMvcAdapter.invoke()
2015-06-09 21:39:56.703  INFO 17074 --- [main] o.s.b.a.e.mvc.EndpointHandlerMapping     : Mapped "{[/mappings],methods=[GET],params=[],headers=[],consumes=[],produces=[],custom=[]}" onto public java.lang.Object org.springframework.boot.actuate.endpoint.mvc.EndpointMvcAdapter.invoke()
2015-06-09 21:39:56.707  INFO 17074 --- [main] o.s.b.a.e.mvc.EndpointHandlerMapping     : Mapped "{[/error],methods=[],params=[],headers=[],consumes=[],produces=[],custom=[]}" onto public java.util.Map<java.lang.String, java.lang.Object> org.springframework.boot.actuate.endpoint.mvc.ManagementErrorEndpoint.invoke()
2015-06-09 21:39:56.708  INFO 17074 --- [main] o.s.b.a.e.mvc.EndpointHandlerMapping     : Mapped "{[/configprops],methods=[GET],params=[],headers=[],consumes=[],produces=[],custom=[]}" onto public java.lang.Object org.springframework.boot.actuate.endpoint.mvc.EndpointMvcAdapter.invoke()
2015-06-09 21:39:56.755  INFO 17074 --- [main] s.w.s.m.m.a.RequestMappingHandlerAdapter : Looking for @ControllerAdvice: org.springframework.boot.context.embedded.AnnotationConfigEmbeddedWebApplicationContext@5163cc8f: startup date [Tue Jun 09 21:39:56 BRT 2015]; parent: org.springframework.boot.context.embedded.AnnotationConfigEmbeddedWebApplicationContext@353180dc
2015-06-09 21:39:57.143  INFO 17074 --- [main] s.b.c.e.t.TomcatEmbeddedServletContainer : Tomcat started on port(s): 9001 (http)
2015-06-09 21:39:57.159  INFO 17074 --- [main] o.s.c.support.DefaultLifecycleProcessor  : Starting beans in phase 0
2015-06-09 21:39:57.469  INFO 17074 --- [main] s.b.c.e.t.TomcatEmbeddedServletContainer : Tomcat started on port(s): 9000 (http)
2015-06-09 21:39:57.471  INFO 17074 --- [main] b.c.n.w.enderecamento.WebApiApplication  : Started WebApiApplication in 12.924 seconds (JVM running for 13.984)
2015-06-09 21:40:02.792  INFO 17074 --- [http-nio-9000-exec-1] o.a.c.c.C.[Tomcat].[localhost].[/]       : Initializing Spring FrameworkServlet 'dispatcherServlet'
2015-06-09 21:40:02.793  INFO 17074 --- [http-nio-9000-exec-1] o.s.web.servlet.DispatcherServlet        : FrameworkServlet 'dispatcherServlet': initialization started
2015-06-09 21:40:02.832  INFO 17074 --- [http-nio-9000-exec-1] o.s.web.servlet.DispatcherServlet        : FrameworkServlet 'dispatcherServlet': initialization completed in 39 ms
2015-06-09 21:40:07.518  INFO 17074 --- [Thread-2] ationConfigEmbeddedWebApplicationContext : Closing org.springframework.boot.context.embedded.AnnotationConfigEmbeddedWebApplicationContext@353180dc: startup date [Tue Jun 09 21:39:45 BRT 2015]; root of context hierarchy
2015-06-09 21:40:07.520  INFO 17074 --- [Thread-2] ationConfigEmbeddedWebApplicationContext : Closing org.springframework.boot.context.embedded.AnnotationConfigEmbeddedWebApplicationContext@5163cc8f: startup date [Tue Jun 09 21:39:56 BRT 2015]; parent: org.springframework.boot.context.embedded.AnnotationConfigEmbeddedWebApplicationContext@353180dc
2015-06-09 21:40:07.567  INFO 17074 --- [Thread-2] o.s.c.support.DefaultLifecycleProcessor  : Stopping beans in phase 0
2015-06-09 21:40:07.571  INFO 17074 --- [Thread-2] o.s.j.e.a.AnnotationMBeanExporter        : Unregistering JMX-exposed beans on shutdown
2015-06-09 21:53:05.230  INFO 17318 --- [main] b.c.n.w.enderecamento.WebApiApplication  : Starting WebApiApplication v1.0 on emarineli-vbox with PID 17318 (/home/emarineli/apps/java/busca-cep-webapi/target/busca-cep-webapi-1.0.jar started by emarineli in /home/emarineli/apps/java/busca-cep-webapi)
2015-06-09 21:53:05.332  INFO 17318 --- [main] ationConfigEmbeddedWebApplicationContext : Refreshing org.springframework.boot.context.embedded.AnnotationConfigEmbeddedWebApplicationContext@353180dc: startup date [Tue Jun 09 21:53:05 BRT 2015]; root of context hierarchy
2015-06-09 21:53:07.360  INFO 17318 --- [main] o.s.b.f.s.DefaultListableBeanFactory     : Overriding bean definition for bean 'beanNameViewResolver': replacing [Root bean: class [null]; scope=; abstract=false; lazyInit=false; autowireMode=3; dependencyCheck=0; autowireCandidate=true; primary=false; factoryBeanName=org.springframework.boot.autoconfigure.web.ErrorMvcAutoConfiguration$WhitelabelErrorViewConfiguration; factoryMethodName=beanNameViewResolver; initMethodName=null; destroyMethodName=(inferred); defined in class path resource [org/springframework/boot/autoconfigure/web/ErrorMvcAutoConfiguration$WhitelabelErrorViewConfiguration.class]] with [Root bean: class [null]; scope=; abstract=false; lazyInit=false; autowireMode=3; dependencyCheck=0; autowireCandidate=true; primary=false; factoryBeanName=org.springframework.boot.autoconfigure.web.WebMvcAutoConfiguration$WebMvcAutoConfigurationAdapter; factoryMethodName=beanNameViewResolver; initMethodName=null; destroyMethodName=(inferred); defined in class path resource [org/springframework/boot/autoconfigure/web/WebMvcAutoConfiguration$WebMvcAutoConfigurationAdapter.class]]
2015-06-09 21:53:09.875  INFO 17318 --- [main] s.b.c.e.t.TomcatEmbeddedServletContainer : Tomcat initialized with port(s): 9000 (http)
2015-06-09 21:53:10.555  INFO 17318 --- [main] o.apache.catalina.core.StandardService   : Starting service Tomcat
2015-06-09 21:53:10.556  INFO 17318 --- [main] org.apache.catalina.core.StandardEngine  : Starting Servlet Engine: Apache Tomcat/8.0.23
2015-06-09 21:53:10.948  INFO 17318 --- [localhost-startStop-1] o.a.c.c.C.[Tomcat].[localhost].[/]       : Initializing Spring embedded WebApplicationContext
2015-06-09 21:53:10.948  INFO 17318 --- [localhost-startStop-1] o.s.web.context.ContextLoader            : Root WebApplicationContext: initialization completed in 5620 ms
2015-06-09 21:53:13.086  INFO 17318 --- [localhost-startStop-1] o.s.b.c.e.ServletRegistrationBean        : Mapping servlet: 'dispatcherServlet' to [/]
2015-06-09 21:53:13.110  INFO 17318 --- [localhost-startStop-1] o.s.b.c.embedded.FilterRegistrationBean  : Mapping filter: 'metricFilter' to: [/*]
2015-06-09 21:53:13.111  INFO 17318 --- [localhost-startStop-1] o.s.b.c.embedded.FilterRegistrationBean  : Mapping filter: 'characterEncodingFilter' to: [/*]
2015-06-09 21:53:13.118  INFO 17318 --- [localhost-startStop-1] o.s.b.c.embedded.FilterRegistrationBean  : Mapping filter: 'hiddenHttpMethodFilter' to: [/*]
2015-06-09 21:53:13.123  INFO 17318 --- [localhost-startStop-1] o.s.b.c.embedded.FilterRegistrationBean  : Mapping filter: 'webRequestLoggingFilter' to: [/*]
2015-06-09 21:53:13.123  INFO 17318 --- [localhost-startStop-1] o.s.b.c.embedded.FilterRegistrationBean  : Mapping filter: 'applicationContextIdFilter' to: [/*]
2015-06-09 21:53:13.304  WARN 17318 --- [main] ationConfigEmbeddedWebApplicationContext : Exception encountered during context initialization - cancelling refresh attempt

org.springframework.beans.factory.BeanCreationException: Error creating bean with name 'enderecamentoPostalRecurso': Injection of autowired dependencies failed; nested exception is org.springframework.beans.factory.BeanCreationException: Could not autowire field: private br.com.ns.webapi.enderecamento.core.EnderecamentoPostalService br.com.ns.webapi.enderecamento.recursos.EnderecamentoPostalRecurso.enderecamentoPostalService; nested exception is org.springframework.beans.factory.NoSuchBeanDefinitionException: No qualifying bean of type [br.com.ns.webapi.enderecamento.core.EnderecamentoPostalService] found for dependency: expected at least 1 bean which qualifies as autowire candidate for this dependency. Dependency annotations: {@org.springframework.beans.factory.annotation.Autowired(required=true)}
	at org.springframework.beans.factory.annotation.AutowiredAnnotationBeanPostProcessor.postProcessPropertyValues(AutowiredAnnotationBeanPostProcessor.java:334)
	at org.springframework.beans.factory.support.AbstractAutowireCapableBeanFactory.populateBean(AbstractAutowireCapableBeanFactory.java:1210)
	at org.springframework.beans.factory.support.AbstractAutowireCapableBeanFactory.doCreateBean(AbstractAutowireCapableBeanFactory.java:537)
	at org.springframework.beans.factory.support.AbstractAutowireCapableBeanFactory.createBean(AbstractAutowireCapableBeanFactory.java:476)
	at org.springframework.beans.factory.support.AbstractBeanFactory$1.getObject(AbstractBeanFactory.java:303)
	at org.springframework.beans.factory.support.DefaultSingletonBeanRegistry.getSingleton(DefaultSingletonBeanRegistry.java:230)
	at org.springframework.beans.factory.support.AbstractBeanFactory.doGetBean(AbstractBeanFactory.java:299)
	at org.springframework.beans.factory.support.AbstractBeanFactory.getBean(AbstractBeanFactory.java:194)
	at org.springframework.beans.factory.support.DefaultListableBeanFactory.preInstantiateSingletons(DefaultListableBeanFactory.java:755)
	at org.springframework.context.support.AbstractApplicationContext.finishBeanFactoryInitialization(AbstractApplicationContext.java:757)
	at org.springframework.context.support.AbstractApplicationContext.refresh(AbstractApplicationContext.java:480)
	at org.springframework.boot.context.embedded.EmbeddedWebApplicationContext.refresh(EmbeddedWebApplicationContext.java:118)
	at org.springframework.boot.SpringApplication.refresh(SpringApplication.java:686)
	at org.springframework.boot.SpringApplication.run(SpringApplication.java:320)
	at org.springframework.boot.SpringApplication.run(SpringApplication.java:957)
	at org.springframework.boot.SpringApplication.run(SpringApplication.java:946)
	at br.com.ns.webapi.enderecamento.WebApiApplication.main(WebApiApplication.java:17)
	at sun.reflect.NativeMethodAccessorImpl.invoke0(Native Method)
	at sun.reflect.NativeMethodAccessorImpl.invoke(NativeMethodAccessorImpl.java:57)
	at sun.reflect.DelegatingMethodAccessorImpl.invoke(DelegatingMethodAccessorImpl.java:43)
	at java.lang.reflect.Method.invoke(Method.java:606)
	at org.springframework.boot.loader.MainMethodRunner.run(MainMethodRunner.java:53)
	at java.lang.Thread.run(Thread.java:745)
Caused by: org.springframework.beans.factory.BeanCreationException: Could not autowire field: private br.com.ns.webapi.enderecamento.core.EnderecamentoPostalService br.com.ns.webapi.enderecamento.recursos.EnderecamentoPostalRecurso.enderecamentoPostalService; nested exception is org.springframework.beans.factory.NoSuchBeanDefinitionException: No qualifying bean of type [br.com.ns.webapi.enderecamento.core.EnderecamentoPostalService] found for dependency: expected at least 1 bean which qualifies as autowire candidate for this dependency. Dependency annotations: {@org.springframework.beans.factory.annotation.Autowired(required=true)}
	at org.springframework.beans.factory.annotation.AutowiredAnnotationBeanPostProcessor$AutowiredFieldElement.inject(AutowiredAnnotationBeanPostProcessor.java:561)
	at org.springframework.beans.factory.annotation.InjectionMetadata.inject(InjectionMetadata.java:88)
	at org.springframework.beans.factory.annotation.AutowiredAnnotationBeanPostProcessor.postProcessPropertyValues(AutowiredAnnotationBeanPostProcessor.java:331)
	... 22 common frames omitted
Caused by: org.springframework.beans.factory.NoSuchBeanDefinitionException: No qualifying bean of type [br.com.ns.webapi.enderecamento.core.EnderecamentoPostalService] found for dependency: expected at least 1 bean which qualifies as autowire candidate for this dependency. Dependency annotations: {@org.springframework.beans.factory.annotation.Autowired(required=true)}
	at org.springframework.beans.factory.support.DefaultListableBeanFactory.raiseNoSuchBeanDefinitionException(DefaultListableBeanFactory.java:1301)
	at org.springframework.beans.factory.support.DefaultListableBeanFactory.doResolveDependency(DefaultListableBeanFactory.java:1047)
	at org.springframework.beans.factory.support.DefaultListableBeanFactory.resolveDependency(DefaultListableBeanFactory.java:942)
	at org.springframework.beans.factory.annotation.AutowiredAnnotationBeanPostProcessor$AutowiredFieldElement.inject(AutowiredAnnotationBeanPostProcessor.java:533)
	... 24 common frames omitted

2015-06-09 21:53:13.310  INFO 17318 --- [main] o.apache.catalina.core.StandardService   : Stopping service Tomcat
2015-06-09 21:53:13.345  INFO 17318 --- [main] .b.l.ClasspathLoggingApplicationListener : Application failed to start with classpath: [jar:file:/home/emarineli/apps/java/busca-cep-webapi/target/busca-cep-webapi-1.0.jar!/, jar:file:/home/emarineli/apps/java/busca-cep-webapi/target/busca-cep-webapi-1.0.jar!/lib/spring-boot-starter-web-1.2.4.RELEASE.jar!/, jar:file:/home/emarineli/apps/java/busca-cep-webapi/target/busca-cep-webapi-1.0.jar!/lib/spring-boot-starter-1.2.4.RELEASE.jar!/, jar:file:/home/emarineli/apps/java/busca-cep-webapi/target/busca-cep-webapi-1.0.jar!/lib/spring-boot-1.2.4.RELEASE.jar!/, jar:file:/home/emarineli/apps/java/busca-cep-webapi/target/busca-cep-webapi-1.0.jar!/lib/spring-boot-autoconfigure-1.2.4.RELEASE.jar!/, jar:file:/home/emarineli/apps/java/busca-cep-webapi/target/busca-cep-webapi-1.0.jar!/lib/spring-boot-starter-logging-1.2.4.RELEASE.jar!/, jar:file:/home/emarineli/apps/java/busca-cep-webapi/target/busca-cep-webapi-1.0.jar!/lib/jcl-over-slf4j-1.7.12.jar!/, jar:file:/home/emarineli/apps/java/busca-cep-webapi/target/busca-cep-webapi-1.0.jar!/lib/slf4j-api-1.7.12.jar!/, jar:file:/home/emarineli/apps/java/busca-cep-webapi/target/busca-cep-webapi-1.0.jar!/lib/jul-to-slf4j-1.7.12.jar!/, jar:file:/home/emarineli/apps/java/busca-cep-webapi/target/busca-cep-webapi-1.0.jar!/lib/log4j-over-slf4j-1.7.12.jar!/, jar:file:/home/emarineli/apps/java/busca-cep-webapi/target/busca-cep-webapi-1.0.jar!/lib/logback-classic-1.1.3.jar!/, jar:file:/home/emarineli/apps/java/busca-cep-webapi/target/busca-cep-webapi-1.0.jar!/lib/logback-core-1.1.3.jar!/, jar:file:/home/emarineli/apps/java/busca-cep-webapi/target/busca-cep-webapi-1.0.jar!/lib/snakeyaml-1.14.jar!/, jar:file:/home/emarineli/apps/java/busca-cep-webapi/target/busca-cep-webapi-1.0.jar!/lib/spring-boot-starter-tomcat-1.2.4.RELEASE.jar!/, jar:file:/home/emarineli/apps/java/busca-cep-webapi/target/busca-cep-webapi-1.0.jar!/lib/tomcat-embed-core-8.0.23.jar!/, jar:file:/home/emarineli/apps/java/busca-cep-webapi/target/busca-cep-webapi-1.0.jar!/lib/tomcat-embed-el-8.0.23.jar!/, jar:file:/home/emarineli/apps/java/busca-cep-webapi/target/busca-cep-webapi-1.0.jar!/lib/tomcat-embed-logging-juli-8.0.23.jar!/, jar:file:/home/emarineli/apps/java/busca-cep-webapi/target/busca-cep-webapi-1.0.jar!/lib/tomcat-embed-websocket-8.0.23.jar!/, jar:file:/home/emarineli/apps/java/busca-cep-webapi/target/busca-cep-webapi-1.0.jar!/lib/jackson-databind-2.4.6.jar!/, jar:file:/home/emarineli/apps/java/busca-cep-webapi/target/busca-cep-webapi-1.0.jar!/lib/jackson-annotations-2.4.6.jar!/, jar:file:/home/emarineli/apps/java/busca-cep-webapi/target/busca-cep-webapi-1.0.jar!/lib/jackson-core-2.4.6.jar!/, jar:file:/home/emarineli/apps/java/busca-cep-webapi/target/busca-cep-webapi-1.0.jar!/lib/hibernate-validator-5.1.3.Final.jar!/, jar:file:/home/emarineli/apps/java/busca-cep-webapi/target/busca-cep-webapi-1.0.jar!/lib/validation-api-1.1.0.Final.jar!/, jar:file:/home/emarineli/apps/java/busca-cep-webapi/target/busca-cep-webapi-1.0.jar!/lib/jboss-logging-3.1.3.GA.jar!/, jar:file:/home/emarineli/apps/java/busca-cep-webapi/target/busca-cep-webapi-1.0.jar!/lib/classmate-1.0.0.jar!/, jar:file:/home/emarineli/apps/java/busca-cep-webapi/target/busca-cep-webapi-1.0.jar!/lib/spring-core-4.1.6.RELEASE.jar!/, jar:file:/home/emarineli/apps/java/busca-cep-webapi/target/busca-cep-webapi-1.0.jar!/lib/spring-web-4.1.6.RELEASE.jar!/, jar:file:/home/emarineli/apps/java/busca-cep-webapi/target/busca-cep-webapi-1.0.jar!/lib/spring-aop-4.1.6.RELEASE.jar!/, jar:file:/home/emarineli/apps/java/busca-cep-webapi/target/busca-cep-webapi-1.0.jar!/lib/aopalliance-1.0.jar!/, jar:file:/home/emarineli/apps/java/busca-cep-webapi/target/busca-cep-webapi-1.0.jar!/lib/spring-beans-4.1.6.RELEASE.jar!/, jar:file:/home/emarineli/apps/java/busca-cep-webapi/target/busca-cep-webapi-1.0.jar!/lib/spring-context-4.1.6.RELEASE.jar!/, jar:file:/home/emarineli/apps/java/busca-cep-webapi/target/busca-cep-webapi-1.0.jar!/lib/spring-webmvc-4.1.6.RELEASE.jar!/, jar:file:/home/emarineli/apps/java/busca-cep-webapi/target/busca-cep-webapi-1.0.jar!/lib/spring-expression-4.1.6.RELEASE.jar!/, jar:file:/home/emarineli/apps/java/busca-cep-webapi/target/busca-cep-webapi-1.0.jar!/lib/spring-boot-starter-actuator-1.2.4.RELEASE.jar!/, jar:file:/home/emarineli/apps/java/busca-cep-webapi/target/busca-cep-webapi-1.0.jar!/lib/spring-boot-actuator-1.2.4.RELEASE.jar!/]
2015-06-09 21:53:13.382  INFO 17318 --- [main] utoConfigurationReportLoggingInitializer : 

Error starting ApplicationContext. To display the auto-configuration report enable debug logging (start with --debug)


2015-06-09 21:53:13.394 ERROR 17318 --- [main] o.s.boot.SpringApplication               : Application startup failed

org.springframework.beans.factory.BeanCreationException: Error creating bean with name 'enderecamentoPostalRecurso': Injection of autowired dependencies failed; nested exception is org.springframework.beans.factory.BeanCreationException: Could not autowire field: private br.com.ns.webapi.enderecamento.core.EnderecamentoPostalService br.com.ns.webapi.enderecamento.recursos.EnderecamentoPostalRecurso.enderecamentoPostalService; nested exception is org.springframework.beans.factory.NoSuchBeanDefinitionException: No qualifying bean of type [br.com.ns.webapi.enderecamento.core.EnderecamentoPostalService] found for dependency: expected at least 1 bean which qualifies as autowire candidate for this dependency. Dependency annotations: {@org.springframework.beans.factory.annotation.Autowired(required=true)}
	at org.springframework.beans.factory.annotation.AutowiredAnnotationBeanPostProcessor.postProcessPropertyValues(AutowiredAnnotationBeanPostProcessor.java:334)
	at org.springframework.beans.factory.support.AbstractAutowireCapableBeanFactory.populateBean(AbstractAutowireCapableBeanFactory.java:1210)
	at org.springframework.beans.factory.support.AbstractAutowireCapableBeanFactory.doCreateBean(AbstractAutowireCapableBeanFactory.java:537)
	at org.springframework.beans.factory.support.AbstractAutowireCapableBeanFactory.createBean(AbstractAutowireCapableBeanFactory.java:476)
	at org.springframework.beans.factory.support.AbstractBeanFactory$1.getObject(AbstractBeanFactory.java:303)
	at org.springframework.beans.factory.support.DefaultSingletonBeanRegistry.getSingleton(DefaultSingletonBeanRegistry.java:230)
	at org.springframework.beans.factory.support.AbstractBeanFactory.doGetBean(AbstractBeanFactory.java:299)
	at org.springframework.beans.factory.support.AbstractBeanFactory.getBean(AbstractBeanFactory.java:194)
	at org.springframework.beans.factory.support.DefaultListableBeanFactory.preInstantiateSingletons(DefaultListableBeanFactory.java:755)
	at org.springframework.context.support.AbstractApplicationContext.finishBeanFactoryInitialization(AbstractApplicationContext.java:757)
	at org.springframework.context.support.AbstractApplicationContext.refresh(AbstractApplicationContext.java:480)
	at org.springframework.boot.context.embedded.EmbeddedWebApplicationContext.refresh(EmbeddedWebApplicationContext.java:118)
	at org.springframework.boot.SpringApplication.refresh(SpringApplication.java:686)
	at org.springframework.boot.SpringApplication.run(SpringApplication.java:320)
	at org.springframework.boot.SpringApplication.run(SpringApplication.java:957)
	at org.springframework.boot.SpringApplication.run(SpringApplication.java:946)
	at br.com.ns.webapi.enderecamento.WebApiApplication.main(WebApiApplication.java:17)
	at sun.reflect.NativeMethodAccessorImpl.invoke0(Native Method)
	at sun.reflect.NativeMethodAccessorImpl.invoke(NativeMethodAccessorImpl.java:57)
	at sun.reflect.DelegatingMethodAccessorImpl.invoke(DelegatingMethodAccessorImpl.java:43)
	at java.lang.reflect.Method.invoke(Method.java:606)
	at org.springframework.boot.loader.MainMethodRunner.run(MainMethodRunner.java:53)
	at java.lang.Thread.run(Thread.java:745)
Caused by: org.springframework.beans.factory.BeanCreationException: Could not autowire field: private br.com.ns.webapi.enderecamento.core.EnderecamentoPostalService br.com.ns.webapi.enderecamento.recursos.EnderecamentoPostalRecurso.enderecamentoPostalService; nested exception is org.springframework.beans.factory.NoSuchBeanDefinitionException: No qualifying bean of type [br.com.ns.webapi.enderecamento.core.EnderecamentoPostalService] found for dependency: expected at least 1 bean which qualifies as autowire candidate for this dependency. Dependency annotations: {@org.springframework.beans.factory.annotation.Autowired(required=true)}
	at org.springframework.beans.factory.annotation.AutowiredAnnotationBeanPostProcessor$AutowiredFieldElement.inject(AutowiredAnnotationBeanPostProcessor.java:561)
	at org.springframework.beans.factory.annotation.InjectionMetadata.inject(InjectionMetadata.java:88)
	at org.springframework.beans.factory.annotation.AutowiredAnnotationBeanPostProcessor.postProcessPropertyValues(AutowiredAnnotationBeanPostProcessor.java:331)
	... 22 common frames omitted
Caused by: org.springframework.beans.factory.NoSuchBeanDefinitionException: No qualifying bean of type [br.com.ns.webapi.enderecamento.core.EnderecamentoPostalService] found for dependency: expected at least 1 bean which qualifies as autowire candidate for this dependency. Dependency annotations: {@org.springframework.beans.factory.annotation.Autowired(required=true)}
	at org.springframework.beans.factory.support.DefaultListableBeanFactory.raiseNoSuchBeanDefinitionException(DefaultListableBeanFactory.java:1301)
	at org.springframework.beans.factory.support.DefaultListableBeanFactory.doResolveDependency(DefaultListableBeanFactory.java:1047)
	at org.springframework.beans.factory.support.DefaultListableBeanFactory.resolveDependency(DefaultListableBeanFactory.java:942)
	at org.springframework.beans.factory.annotation.AutowiredAnnotationBeanPostProcessor$AutowiredFieldElement.inject(AutowiredAnnotationBeanPostProcessor.java:533)
	... 24 common frames omitted

2015-06-09 21:57:31.206  INFO 17520 --- [main] b.c.n.w.enderecamento.WebApiApplication  : Starting WebApiApplication v1.0 on emarineli-vbox with PID 17520 (/home/emarineli/apps/java/busca-cep-webapi/target/busca-cep-webapi-1.0.jar started by emarineli in /home/emarineli/apps/java/busca-cep-webapi)
2015-06-09 21:57:31.293  INFO 17520 --- [main] ationConfigEmbeddedWebApplicationContext : Refreshing org.springframework.boot.context.embedded.AnnotationConfigEmbeddedWebApplicationContext@353180dc: startup date [Tue Jun 09 21:57:31 BRT 2015]; root of context hierarchy
2015-06-09 21:57:33.332  INFO 17520 --- [main] o.s.b.f.s.DefaultListableBeanFactory     : Overriding bean definition for bean 'beanNameViewResolver': replacing [Root bean: class [null]; scope=; abstract=false; lazyInit=false; autowireMode=3; dependencyCheck=0; autowireCandidate=true; primary=false; factoryBeanName=org.springframework.boot.autoconfigure.web.ErrorMvcAutoConfiguration$WhitelabelErrorViewConfiguration; factoryMethodName=beanNameViewResolver; initMethodName=null; destroyMethodName=(inferred); defined in class path resource [org/springframework/boot/autoconfigure/web/ErrorMvcAutoConfiguration$WhitelabelErrorViewConfiguration.class]] with [Root bean: class [null]; scope=; abstract=false; lazyInit=false; autowireMode=3; dependencyCheck=0; autowireCandidate=true; primary=false; factoryBeanName=org.springframework.boot.autoconfigure.web.WebMvcAutoConfiguration$WebMvcAutoConfigurationAdapter; factoryMethodName=beanNameViewResolver; initMethodName=null; destroyMethodName=(inferred); defined in class path resource [org/springframework/boot/autoconfigure/web/WebMvcAutoConfiguration$WebMvcAutoConfigurationAdapter.class]]
2015-06-09 21:57:35.843  INFO 17520 --- [main] s.b.c.e.t.TomcatEmbeddedServletContainer : Tomcat initialized with port(s): 9000 (http)
2015-06-09 21:57:36.621  INFO 17520 --- [main] o.apache.catalina.core.StandardService   : Starting service Tomcat
2015-06-09 21:57:36.622  INFO 17520 --- [main] org.apache.catalina.core.StandardEngine  : Starting Servlet Engine: Apache Tomcat/8.0.23
2015-06-09 21:57:36.918  INFO 17520 --- [localhost-startStop-1] o.a.c.c.C.[Tomcat].[localhost].[/]       : Initializing Spring embedded WebApplicationContext
2015-06-09 21:57:36.919  INFO 17520 --- [localhost-startStop-1] o.s.web.context.ContextLoader            : Root WebApplicationContext: initialization completed in 5629 ms
2015-06-09 21:57:39.056  INFO 17520 --- [localhost-startStop-1] o.s.b.c.e.ServletRegistrationBean        : Mapping servlet: 'dispatcherServlet' to [/]
2015-06-09 21:57:39.075  INFO 17520 --- [localhost-startStop-1] o.s.b.c.embedded.FilterRegistrationBean  : Mapping filter: 'metricFilter' to: [/*]
2015-06-09 21:57:39.080  INFO 17520 --- [localhost-startStop-1] o.s.b.c.embedded.FilterRegistrationBean  : Mapping filter: 'characterEncodingFilter' to: [/*]
2015-06-09 21:57:39.081  INFO 17520 --- [localhost-startStop-1] o.s.b.c.embedded.FilterRegistrationBean  : Mapping filter: 'hiddenHttpMethodFilter' to: [/*]
2015-06-09 21:57:39.081  INFO 17520 --- [localhost-startStop-1] o.s.b.c.embedded.FilterRegistrationBean  : Mapping filter: 'webRequestLoggingFilter' to: [/*]
2015-06-09 21:57:39.081  INFO 17520 --- [localhost-startStop-1] o.s.b.c.embedded.FilterRegistrationBean  : Mapping filter: 'applicationContextIdFilter' to: [/*]
2015-06-09 21:57:39.199  WARN 17520 --- [main] ationConfigEmbeddedWebApplicationContext : Exception encountered during context initialization - cancelling refresh attempt

org.springframework.beans.factory.BeanCreationException: Error creating bean with name 'enderecamentoPostalRecurso': Injection of autowired dependencies failed; nested exception is org.springframework.beans.factory.BeanCreationException: Could not autowire field: private br.com.ns.webapi.enderecamento.core.EnderecamentoPostalService br.com.ns.webapi.enderecamento.recursos.EnderecamentoPostalRecurso.enderecamentoPostalService; nested exception is org.springframework.beans.factory.NoSuchBeanDefinitionException: No qualifying bean of type [br.com.ns.webapi.enderecamento.core.EnderecamentoPostalService] found for dependency: expected at least 1 bean which qualifies as autowire candidate for this dependency. Dependency annotations: {@org.springframework.beans.factory.annotation.Autowired(required=true)}
	at org.springframework.beans.factory.annotation.AutowiredAnnotationBeanPostProcessor.postProcessPropertyValues(AutowiredAnnotationBeanPostProcessor.java:334)
	at org.springframework.beans.factory.support.AbstractAutowireCapableBeanFactory.populateBean(AbstractAutowireCapableBeanFactory.java:1210)
	at org.springframework.beans.factory.support.AbstractAutowireCapableBeanFactory.doCreateBean(AbstractAutowireCapableBeanFactory.java:537)
	at org.springframework.beans.factory.support.AbstractAutowireCapableBeanFactory.createBean(AbstractAutowireCapableBeanFactory.java:476)
	at org.springframework.beans.factory.support.AbstractBeanFactory$1.getObject(AbstractBeanFactory.java:303)
	at org.springframework.beans.factory.support.DefaultSingletonBeanRegistry.getSingleton(DefaultSingletonBeanRegistry.java:230)
	at org.springframework.beans.factory.support.AbstractBeanFactory.doGetBean(AbstractBeanFactory.java:299)
	at org.springframework.beans.factory.support.AbstractBeanFactory.getBean(AbstractBeanFactory.java:194)
	at org.springframework.beans.factory.support.DefaultListableBeanFactory.preInstantiateSingletons(DefaultListableBeanFactory.java:755)
	at org.springframework.context.support.AbstractApplicationContext.finishBeanFactoryInitialization(AbstractApplicationContext.java:757)
	at org.springframework.context.support.AbstractApplicationContext.refresh(AbstractApplicationContext.java:480)
	at org.springframework.boot.context.embedded.EmbeddedWebApplicationContext.refresh(EmbeddedWebApplicationContext.java:118)
	at org.springframework.boot.SpringApplication.refresh(SpringApplication.java:686)
	at org.springframework.boot.SpringApplication.run(SpringApplication.java:320)
	at org.springframework.boot.SpringApplication.run(SpringApplication.java:957)
	at org.springframework.boot.SpringApplication.run(SpringApplication.java:946)
	at br.com.ns.webapi.enderecamento.WebApiApplication.main(WebApiApplication.java:17)
	at sun.reflect.NativeMethodAccessorImpl.invoke0(Native Method)
	at sun.reflect.NativeMethodAccessorImpl.invoke(NativeMethodAccessorImpl.java:57)
	at sun.reflect.DelegatingMethodAccessorImpl.invoke(DelegatingMethodAccessorImpl.java:43)
	at java.lang.reflect.Method.invoke(Method.java:606)
	at org.springframework.boot.loader.MainMethodRunner.run(MainMethodRunner.java:53)
	at java.lang.Thread.run(Thread.java:745)
Caused by: org.springframework.beans.factory.BeanCreationException: Could not autowire field: private br.com.ns.webapi.enderecamento.core.EnderecamentoPostalService br.com.ns.webapi.enderecamento.recursos.EnderecamentoPostalRecurso.enderecamentoPostalService; nested exception is org.springframework.beans.factory.NoSuchBeanDefinitionException: No qualifying bean of type [br.com.ns.webapi.enderecamento.core.EnderecamentoPostalService] found for dependency: expected at least 1 bean which qualifies as autowire candidate for this dependency. Dependency annotations: {@org.springframework.beans.factory.annotation.Autowired(required=true)}
	at org.springframework.beans.factory.annotation.AutowiredAnnotationBeanPostProcessor$AutowiredFieldElement.inject(AutowiredAnnotationBeanPostProcessor.java:561)
	at org.springframework.beans.factory.annotation.InjectionMetadata.inject(InjectionMetadata.java:88)
	at org.springframework.beans.factory.annotation.AutowiredAnnotationBeanPostProcessor.postProcessPropertyValues(AutowiredAnnotationBeanPostProcessor.java:331)
	... 22 common frames omitted
Caused by: org.springframework.beans.factory.NoSuchBeanDefinitionException: No qualifying bean of type [br.com.ns.webapi.enderecamento.core.EnderecamentoPostalService] found for dependency: expected at least 1 bean which qualifies as autowire candidate for this dependency. Dependency annotations: {@org.springframework.beans.factory.annotation.Autowired(required=true)}
	at org.springframework.beans.factory.support.DefaultListableBeanFactory.raiseNoSuchBeanDefinitionException(DefaultListableBeanFactory.java:1301)
	at org.springframework.beans.factory.support.DefaultListableBeanFactory.doResolveDependency(DefaultListableBeanFactory.java:1047)
	at org.springframework.beans.factory.support.DefaultListableBeanFactory.resolveDependency(DefaultListableBeanFactory.java:942)
	at org.springframework.beans.factory.annotation.AutowiredAnnotationBeanPostProcessor$AutowiredFieldElement.inject(AutowiredAnnotationBeanPostProcessor.java:533)
	... 24 common frames omitted

2015-06-09 21:57:39.204  INFO 17520 --- [main] o.apache.catalina.core.StandardService   : Stopping service Tomcat
2015-06-09 21:57:39.222  INFO 17520 --- [main] .b.l.ClasspathLoggingApplicationListener : Application failed to start with classpath: [jar:file:/home/emarineli/apps/java/busca-cep-webapi/target/busca-cep-webapi-1.0.jar!/, jar:file:/home/emarineli/apps/java/busca-cep-webapi/target/busca-cep-webapi-1.0.jar!/lib/spring-boot-starter-web-1.2.4.RELEASE.jar!/, jar:file:/home/emarineli/apps/java/busca-cep-webapi/target/busca-cep-webapi-1.0.jar!/lib/spring-boot-starter-1.2.4.RELEASE.jar!/, jar:file:/home/emarineli/apps/java/busca-cep-webapi/target/busca-cep-webapi-1.0.jar!/lib/spring-boot-1.2.4.RELEASE.jar!/, jar:file:/home/emarineli/apps/java/busca-cep-webapi/target/busca-cep-webapi-1.0.jar!/lib/spring-boot-autoconfigure-1.2.4.RELEASE.jar!/, jar:file:/home/emarineli/apps/java/busca-cep-webapi/target/busca-cep-webapi-1.0.jar!/lib/spring-boot-starter-logging-1.2.4.RELEASE.jar!/, jar:file:/home/emarineli/apps/java/busca-cep-webapi/target/busca-cep-webapi-1.0.jar!/lib/jcl-over-slf4j-1.7.12.jar!/, jar:file:/home/emarineli/apps/java/busca-cep-webapi/target/busca-cep-webapi-1.0.jar!/lib/slf4j-api-1.7.12.jar!/, jar:file:/home/emarineli/apps/java/busca-cep-webapi/target/busca-cep-webapi-1.0.jar!/lib/jul-to-slf4j-1.7.12.jar!/, jar:file:/home/emarineli/apps/java/busca-cep-webapi/target/busca-cep-webapi-1.0.jar!/lib/log4j-over-slf4j-1.7.12.jar!/, jar:file:/home/emarineli/apps/java/busca-cep-webapi/target/busca-cep-webapi-1.0.jar!/lib/logback-classic-1.1.3.jar!/, jar:file:/home/emarineli/apps/java/busca-cep-webapi/target/busca-cep-webapi-1.0.jar!/lib/logback-core-1.1.3.jar!/, jar:file:/home/emarineli/apps/java/busca-cep-webapi/target/busca-cep-webapi-1.0.jar!/lib/snakeyaml-1.14.jar!/, jar:file:/home/emarineli/apps/java/busca-cep-webapi/target/busca-cep-webapi-1.0.jar!/lib/spring-boot-starter-tomcat-1.2.4.RELEASE.jar!/, jar:file:/home/emarineli/apps/java/busca-cep-webapi/target/busca-cep-webapi-1.0.jar!/lib/tomcat-embed-core-8.0.23.jar!/, jar:file:/home/emarineli/apps/java/busca-cep-webapi/target/busca-cep-webapi-1.0.jar!/lib/tomcat-embed-el-8.0.23.jar!/, jar:file:/home/emarineli/apps/java/busca-cep-webapi/target/busca-cep-webapi-1.0.jar!/lib/tomcat-embed-logging-juli-8.0.23.jar!/, jar:file:/home/emarineli/apps/java/busca-cep-webapi/target/busca-cep-webapi-1.0.jar!/lib/tomcat-embed-websocket-8.0.23.jar!/, jar:file:/home/emarineli/apps/java/busca-cep-webapi/target/busca-cep-webapi-1.0.jar!/lib/jackson-databind-2.4.6.jar!/, jar:file:/home/emarineli/apps/java/busca-cep-webapi/target/busca-cep-webapi-1.0.jar!/lib/jackson-annotations-2.4.6.jar!/, jar:file:/home/emarineli/apps/java/busca-cep-webapi/target/busca-cep-webapi-1.0.jar!/lib/jackson-core-2.4.6.jar!/, jar:file:/home/emarineli/apps/java/busca-cep-webapi/target/busca-cep-webapi-1.0.jar!/lib/hibernate-validator-5.1.3.Final.jar!/, jar:file:/home/emarineli/apps/java/busca-cep-webapi/target/busca-cep-webapi-1.0.jar!/lib/validation-api-1.1.0.Final.jar!/, jar:file:/home/emarineli/apps/java/busca-cep-webapi/target/busca-cep-webapi-1.0.jar!/lib/jboss-logging-3.1.3.GA.jar!/, jar:file:/home/emarineli/apps/java/busca-cep-webapi/target/busca-cep-webapi-1.0.jar!/lib/classmate-1.0.0.jar!/, jar:file:/home/emarineli/apps/java/busca-cep-webapi/target/busca-cep-webapi-1.0.jar!/lib/spring-core-4.1.6.RELEASE.jar!/, jar:file:/home/emarineli/apps/java/busca-cep-webapi/target/busca-cep-webapi-1.0.jar!/lib/spring-web-4.1.6.RELEASE.jar!/, jar:file:/home/emarineli/apps/java/busca-cep-webapi/target/busca-cep-webapi-1.0.jar!/lib/spring-aop-4.1.6.RELEASE.jar!/, jar:file:/home/emarineli/apps/java/busca-cep-webapi/target/busca-cep-webapi-1.0.jar!/lib/aopalliance-1.0.jar!/, jar:file:/home/emarineli/apps/java/busca-cep-webapi/target/busca-cep-webapi-1.0.jar!/lib/spring-beans-4.1.6.RELEASE.jar!/, jar:file:/home/emarineli/apps/java/busca-cep-webapi/target/busca-cep-webapi-1.0.jar!/lib/spring-context-4.1.6.RELEASE.jar!/, jar:file:/home/emarineli/apps/java/busca-cep-webapi/target/busca-cep-webapi-1.0.jar!/lib/spring-webmvc-4.1.6.RELEASE.jar!/, jar:file:/home/emarineli/apps/java/busca-cep-webapi/target/busca-cep-webapi-1.0.jar!/lib/spring-expression-4.1.6.RELEASE.jar!/, jar:file:/home/emarineli/apps/java/busca-cep-webapi/target/busca-cep-webapi-1.0.jar!/lib/spring-boot-starter-actuator-1.2.4.RELEASE.jar!/, jar:file:/home/emarineli/apps/java/busca-cep-webapi/target/busca-cep-webapi-1.0.jar!/lib/spring-boot-actuator-1.2.4.RELEASE.jar!/]
2015-06-09 21:57:39.249  INFO 17520 --- [main] utoConfigurationReportLoggingInitializer : 

Error starting ApplicationContext. To display the auto-configuration report enable debug logging (start with --debug)


2015-06-09 21:57:39.250 ERROR 17520 --- [main] o.s.boot.SpringApplication               : Application startup failed

org.springframework.beans.factory.BeanCreationException: Error creating bean with name 'enderecamentoPostalRecurso': Injection of autowired dependencies failed; nested exception is org.springframework.beans.factory.BeanCreationException: Could not autowire field: private br.com.ns.webapi.enderecamento.core.EnderecamentoPostalService br.com.ns.webapi.enderecamento.recursos.EnderecamentoPostalRecurso.enderecamentoPostalService; nested exception is org.springframework.beans.factory.NoSuchBeanDefinitionException: No qualifying bean of type [br.com.ns.webapi.enderecamento.core.EnderecamentoPostalService] found for dependency: expected at least 1 bean which qualifies as autowire candidate for this dependency. Dependency annotations: {@org.springframework.beans.factory.annotation.Autowired(required=true)}
	at org.springframework.beans.factory.annotation.AutowiredAnnotationBeanPostProcessor.postProcessPropertyValues(AutowiredAnnotationBeanPostProcessor.java:334)
	at org.springframework.beans.factory.support.AbstractAutowireCapableBeanFactory.populateBean(AbstractAutowireCapableBeanFactory.java:1210)
	at org.springframework.beans.factory.support.AbstractAutowireCapableBeanFactory.doCreateBean(AbstractAutowireCapableBeanFactory.java:537)
	at org.springframework.beans.factory.support.AbstractAutowireCapableBeanFactory.createBean(AbstractAutowireCapableBeanFactory.java:476)
	at org.springframework.beans.factory.support.AbstractBeanFactory$1.getObject(AbstractBeanFactory.java:303)
	at org.springframework.beans.factory.support.DefaultSingletonBeanRegistry.getSingleton(DefaultSingletonBeanRegistry.java:230)
	at org.springframework.beans.factory.support.AbstractBeanFactory.doGetBean(AbstractBeanFactory.java:299)
	at org.springframework.beans.factory.support.AbstractBeanFactory.getBean(AbstractBeanFactory.java:194)
	at org.springframework.beans.factory.support.DefaultListableBeanFactory.preInstantiateSingletons(DefaultListableBeanFactory.java:755)
	at org.springframework.context.support.AbstractApplicationContext.finishBeanFactoryInitialization(AbstractApplicationContext.java:757)
	at org.springframework.context.support.AbstractApplicationContext.refresh(AbstractApplicationContext.java:480)
	at org.springframework.boot.context.embedded.EmbeddedWebApplicationContext.refresh(EmbeddedWebApplicationContext.java:118)
	at org.springframework.boot.SpringApplication.refresh(SpringApplication.java:686)
	at org.springframework.boot.SpringApplication.run(SpringApplication.java:320)
	at org.springframework.boot.SpringApplication.run(SpringApplication.java:957)
	at org.springframework.boot.SpringApplication.run(SpringApplication.java:946)
	at br.com.ns.webapi.enderecamento.WebApiApplication.main(WebApiApplication.java:17)
	at sun.reflect.NativeMethodAccessorImpl.invoke0(Native Method)
	at sun.reflect.NativeMethodAccessorImpl.invoke(NativeMethodAccessorImpl.java:57)
	at sun.reflect.DelegatingMethodAccessorImpl.invoke(DelegatingMethodAccessorImpl.java:43)
	at java.lang.reflect.Method.invoke(Method.java:606)
	at org.springframework.boot.loader.MainMethodRunner.run(MainMethodRunner.java:53)
	at java.lang.Thread.run(Thread.java:745)
Caused by: org.springframework.beans.factory.BeanCreationException: Could not autowire field: private br.com.ns.webapi.enderecamento.core.EnderecamentoPostalService br.com.ns.webapi.enderecamento.recursos.EnderecamentoPostalRecurso.enderecamentoPostalService; nested exception is org.springframework.beans.factory.NoSuchBeanDefinitionException: No qualifying bean of type [br.com.ns.webapi.enderecamento.core.EnderecamentoPostalService] found for dependency: expected at least 1 bean which qualifies as autowire candidate for this dependency. Dependency annotations: {@org.springframework.beans.factory.annotation.Autowired(required=true)}
	at org.springframework.beans.factory.annotation.AutowiredAnnotationBeanPostProcessor$AutowiredFieldElement.inject(AutowiredAnnotationBeanPostProcessor.java:561)
	at org.springframework.beans.factory.annotation.InjectionMetadata.inject(InjectionMetadata.java:88)
	at org.springframework.beans.factory.annotation.AutowiredAnnotationBeanPostProcessor.postProcessPropertyValues(AutowiredAnnotationBeanPostProcessor.java:331)
	... 22 common frames omitted
Caused by: org.springframework.beans.factory.NoSuchBeanDefinitionException: No qualifying bean of type [br.com.ns.webapi.enderecamento.core.EnderecamentoPostalService] found for dependency: expected at least 1 bean which qualifies as autowire candidate for this dependency. Dependency annotations: {@org.springframework.beans.factory.annotation.Autowired(required=true)}
	at org.springframework.beans.factory.support.DefaultListableBeanFactory.raiseNoSuchBeanDefinitionException(DefaultListableBeanFactory.java:1301)
	at org.springframework.beans.factory.support.DefaultListableBeanFactory.doResolveDependency(DefaultListableBeanFactory.java:1047)
	at org.springframework.beans.factory.support.DefaultListableBeanFactory.resolveDependency(DefaultListableBeanFactory.java:942)
	at org.springframework.beans.factory.annotation.AutowiredAnnotationBeanPostProcessor$AutowiredFieldElement.inject(AutowiredAnnotationBeanPostProcessor.java:533)
	... 24 common frames omitted

2015-06-09 21:59:34.361  INFO 17625 --- [main] b.c.n.w.enderecamento.WebApiApplication  : Starting WebApiApplication v1.0 on emarineli-vbox with PID 17625 (/home/emarineli/apps/java/busca-cep-webapi/target/busca-cep-webapi-1.0.jar started by emarineli in /home/emarineli/apps/java/busca-cep-webapi)
2015-06-09 21:59:34.447  INFO 17625 --- [main] ationConfigEmbeddedWebApplicationContext : Refreshing org.springframework.boot.context.embedded.AnnotationConfigEmbeddedWebApplicationContext@353180dc: startup date [Tue Jun 09 21:59:34 BRT 2015]; root of context hierarchy
2015-06-09 21:59:36.430  INFO 17625 --- [main] o.s.b.f.s.DefaultListableBeanFactory     : Overriding bean definition for bean 'beanNameViewResolver': replacing [Root bean: class [null]; scope=; abstract=false; lazyInit=false; autowireMode=3; dependencyCheck=0; autowireCandidate=true; primary=false; factoryBeanName=org.springframework.boot.autoconfigure.web.ErrorMvcAutoConfiguration$WhitelabelErrorViewConfiguration; factoryMethodName=beanNameViewResolver; initMethodName=null; destroyMethodName=(inferred); defined in class path resource [org/springframework/boot/autoconfigure/web/ErrorMvcAutoConfiguration$WhitelabelErrorViewConfiguration.class]] with [Root bean: class [null]; scope=; abstract=false; lazyInit=false; autowireMode=3; dependencyCheck=0; autowireCandidate=true; primary=false; factoryBeanName=org.springframework.boot.autoconfigure.web.WebMvcAutoConfiguration$WebMvcAutoConfigurationAdapter; factoryMethodName=beanNameViewResolver; initMethodName=null; destroyMethodName=(inferred); defined in class path resource [org/springframework/boot/autoconfigure/web/WebMvcAutoConfiguration$WebMvcAutoConfigurationAdapter.class]]
2015-06-09 21:59:38.923  INFO 17625 --- [main] s.b.c.e.t.TomcatEmbeddedServletContainer : Tomcat initialized with port(s): 9000 (http)
2015-06-09 21:59:39.602  INFO 17625 --- [main] o.apache.catalina.core.StandardService   : Starting service Tomcat
2015-06-09 21:59:39.612  INFO 17625 --- [main] org.apache.catalina.core.StandardEngine  : Starting Servlet Engine: Apache Tomcat/8.0.23
2015-06-09 21:59:40.045  INFO 17625 --- [localhost-startStop-1] o.a.c.c.C.[Tomcat].[localhost].[/]       : Initializing Spring embedded WebApplicationContext
2015-06-09 21:59:40.045  INFO 17625 --- [localhost-startStop-1] o.s.web.context.ContextLoader            : Root WebApplicationContext: initialization completed in 5601 ms
2015-06-09 21:59:42.493  INFO 17625 --- [localhost-startStop-1] o.s.b.c.e.ServletRegistrationBean        : Mapping servlet: 'dispatcherServlet' to [/]
2015-06-09 21:59:42.500  INFO 17625 --- [localhost-startStop-1] o.s.b.c.embedded.FilterRegistrationBean  : Mapping filter: 'metricFilter' to: [/*]
2015-06-09 21:59:42.501  INFO 17625 --- [localhost-startStop-1] o.s.b.c.embedded.FilterRegistrationBean  : Mapping filter: 'characterEncodingFilter' to: [/*]
2015-06-09 21:59:42.501  INFO 17625 --- [localhost-startStop-1] o.s.b.c.embedded.FilterRegistrationBean  : Mapping filter: 'hiddenHttpMethodFilter' to: [/*]
2015-06-09 21:59:42.501  INFO 17625 --- [localhost-startStop-1] o.s.b.c.embedded.FilterRegistrationBean  : Mapping filter: 'webRequestLoggingFilter' to: [/*]
2015-06-09 21:59:42.501  INFO 17625 --- [localhost-startStop-1] o.s.b.c.embedded.FilterRegistrationBean  : Mapping filter: 'applicationContextIdFilter' to: [/*]
2015-06-09 21:59:42.909  INFO 17625 --- [main] s.w.s.m.m.a.RequestMappingHandlerAdapter : Looking for @ControllerAdvice: org.springframework.boot.context.embedded.AnnotationConfigEmbeddedWebApplicationContext@353180dc: startup date [Tue Jun 09 21:59:34 BRT 2015]; root of context hierarchy
2015-06-09 21:59:43.146  INFO 17625 --- [main] s.w.s.m.m.a.RequestMappingHandlerMapping : Mapped "{[/enderecamento/cep/{cep}],methods=[GET],params=[],headers=[],consumes=[],produces=[application/json],custom=[]}" onto public final br.com.ns.webapi.enderecamento.modelo.Endereco br.com.ns.webapi.enderecamento.recursos.EnderecamentoPostalRecurso.obterEnderecoPeloCodigoEnderecamento(java.lang.String)
2015-06-09 21:59:43.162  INFO 17625 --- [main] s.w.s.m.m.a.RequestMappingHandlerMapping : Mapped "{[/error],methods=[],params=[],headers=[],consumes=[],produces=[text/html],custom=[]}" onto public org.springframework.web.servlet.ModelAndView org.springframework.boot.autoconfigure.web.BasicErrorController.errorHtml(javax.servlet.http.HttpServletRequest)
2015-06-09 21:59:43.170  INFO 17625 --- [main] s.w.s.m.m.a.RequestMappingHandlerMapping : Mapped "{[/error],methods=[],params=[],headers=[],consumes=[],produces=[],custom=[]}" onto public org.springframework.http.ResponseEntity<java.util.Map<java.lang.String, java.lang.Object>> org.springframework.boot.autoconfigure.web.BasicErrorController.error(javax.servlet.http.HttpServletRequest)
2015-06-09 21:59:43.284  INFO 17625 --- [main] o.s.w.s.handler.SimpleUrlHandlerMapping  : Mapped URL path [/**] onto handler of type [class org.springframework.web.servlet.resource.ResourceHttpRequestHandler]
2015-06-09 21:59:43.285  INFO 17625 --- [main] o.s.w.s.handler.SimpleUrlHandlerMapping  : Mapped URL path [/webjars/**] onto handler of type [class org.springframework.web.servlet.resource.ResourceHttpRequestHandler]
2015-06-09 21:59:43.332  INFO 17625 --- [main] .m.m.a.ExceptionHandlerExceptionResolver : Detected @ExceptionHandler methods in globalResourceExceptionHandler
2015-06-09 21:59:43.428  INFO 17625 --- [main] o.s.w.s.handler.SimpleUrlHandlerMapping  : Mapped URL path [/**/favicon.ico] onto handler of type [class org.springframework.web.servlet.resource.ResourceHttpRequestHandler]
2015-06-09 21:59:45.627  INFO 17625 --- [main] o.s.j.e.a.AnnotationMBeanExporter        : Registering beans for JMX exposure on startup
2015-06-09 21:59:45.674  INFO 17625 --- [main] ationConfigEmbeddedWebApplicationContext : Refreshing org.springframework.boot.context.embedded.AnnotationConfigEmbeddedWebApplicationContext@6a402eb7: startup date [Tue Jun 09 21:59:45 BRT 2015]; parent: org.springframework.boot.context.embedded.AnnotationConfigEmbeddedWebApplicationContext@353180dc
2015-06-09 21:59:45.900  INFO 17625 --- [main] s.b.c.e.t.TomcatEmbeddedServletContainer : Tomcat initialized with port(s): 9001 (http)
2015-06-09 21:59:45.903  INFO 17625 --- [main] o.apache.catalina.core.StandardService   : Starting service Tomcat
2015-06-09 21:59:45.912  INFO 17625 --- [main] org.apache.catalina.core.StandardEngine  : Starting Servlet Engine: Apache Tomcat/8.0.23
2015-06-09 21:59:45.936  INFO 17625 --- [localhost-startStop-1] o.a.c.c.C.[Tomcat-1].[localhost].[/]     : Initializing Spring embedded WebApplicationContext
2015-06-09 21:59:45.936  INFO 17625 --- [localhost-startStop-1] o.s.web.context.ContextLoader            : Root WebApplicationContext: initialization completed in 262 ms
2015-06-09 21:59:46.024  INFO 17625 --- [localhost-startStop-1] o.s.b.c.e.ServletRegistrationBean        : Mapping servlet: 'dispatcherServlet' to [/]
2015-06-09 21:59:46.115  INFO 17625 --- [main] o.s.b.a.e.mvc.EndpointHandlerMapping     : Mapped "{[/autoconfig],methods=[GET],params=[],headers=[],consumes=[],produces=[],custom=[]}" onto public java.lang.Object org.springframework.boot.actuate.endpoint.mvc.EndpointMvcAdapter.invoke()
2015-06-09 21:59:46.119  INFO 17625 --- [main] o.s.b.a.e.mvc.EndpointHandlerMapping     : Mapped "{[/metrics/{name:.*}],methods=[GET],params=[],headers=[],consumes=[],produces=[],custom=[]}" onto public java.lang.Object org.springframework.boot.actuate.endpoint.mvc.MetricsMvcEndpoint.value(java.lang.String)
2015-06-09 21:59:46.119  INFO 17625 --- [main] o.s.b.a.e.mvc.EndpointHandlerMapping     : Mapped "{[/metrics],methods=[GET],params=[],headers=[],consumes=[],produces=[],custom=[]}" onto public java.lang.Object org.springframework.boot.actuate.endpoint.mvc.EndpointMvcAdapter.invoke()
2015-06-09 21:59:46.120  INFO 17625 --- [main] o.s.b.a.e.mvc.EndpointHandlerMapping     : Mapped "{[/configprops],methods=[GET],params=[],headers=[],consumes=[],produces=[],custom=[]}" onto public java.lang.Object org.springframework.boot.actuate.endpoint.mvc.EndpointMvcAdapter.invoke()
2015-06-09 21:59:46.124  INFO 17625 --- [main] o.s.b.a.e.mvc.EndpointHandlerMapping     : Mapped "{[/beans],methods=[GET],params=[],headers=[],consumes=[],produces=[],custom=[]}" onto public java.lang.Object org.springframework.boot.actuate.endpoint.mvc.EndpointMvcAdapter.invoke()
2015-06-09 21:59:46.129  INFO 17625 --- [main] o.s.b.a.e.mvc.EndpointHandlerMapping     : Mapped "{[/error],methods=[],params=[],headers=[],consumes=[],produces=[],custom=[]}" onto public java.util.Map<java.lang.String, java.lang.Object> org.springframework.boot.actuate.endpoint.mvc.ManagementErrorEndpoint.invoke()
2015-06-09 21:59:46.129  INFO 17625 --- [main] o.s.b.a.e.mvc.EndpointHandlerMapping     : Mapped "{[/info],methods=[GET],params=[],headers=[],consumes=[],produces=[],custom=[]}" onto public java.lang.Object org.springframework.boot.actuate.endpoint.mvc.EndpointMvcAdapter.invoke()
2015-06-09 21:59:46.130  INFO 17625 --- [main] o.s.b.a.e.mvc.EndpointHandlerMapping     : Mapped "{[/health],methods=[],params=[],headers=[],consumes=[],produces=[],custom=[]}" onto public java.lang.Object org.springframework.boot.actuate.endpoint.mvc.HealthMvcEndpoint.invoke(java.security.Principal)
2015-06-09 21:59:46.135  INFO 17625 --- [main] o.s.b.a.e.mvc.EndpointHandlerMapping     : Mapped "{[/trace],methods=[GET],params=[],headers=[],consumes=[],produces=[],custom=[]}" onto public java.lang.Object org.springframework.boot.actuate.endpoint.mvc.EndpointMvcAdapter.invoke()
2015-06-09 21:59:46.136  INFO 17625 --- [main] o.s.b.a.e.mvc.EndpointHandlerMapping     : Mapped "{[/dump],methods=[GET],params=[],headers=[],consumes=[],produces=[],custom=[]}" onto public java.lang.Object org.springframework.boot.actuate.endpoint.mvc.EndpointMvcAdapter.invoke()
2015-06-09 21:59:46.139  INFO 17625 --- [main] o.s.b.a.e.mvc.EndpointHandlerMapping     : Mapped "{[/env/{name:.*}],methods=[GET],params=[],headers=[],consumes=[],produces=[],custom=[]}" onto public java.lang.Object org.springframework.boot.actuate.endpoint.mvc.EnvironmentMvcEndpoint.value(java.lang.String)
2015-06-09 21:59:46.139  INFO 17625 --- [main] o.s.b.a.e.mvc.EndpointHandlerMapping     : Mapped "{[/env],methods=[GET],params=[],headers=[],consumes=[],produces=[],custom=[]}" onto public java.lang.Object org.springframework.boot.actuate.endpoint.mvc.EndpointMvcAdapter.invoke()
2015-06-09 21:59:46.140  INFO 17625 --- [main] o.s.b.a.e.mvc.EndpointHandlerMapping     : Mapped "{[/mappings],methods=[GET],params=[],headers=[],consumes=[],produces=[],custom=[]}" onto public java.lang.Object org.springframework.boot.actuate.endpoint.mvc.EndpointMvcAdapter.invoke()
2015-06-09 21:59:46.176  INFO 17625 --- [main] s.w.s.m.m.a.RequestMappingHandlerAdapter : Looking for @ControllerAdvice: org.springframework.boot.context.embedded.AnnotationConfigEmbeddedWebApplicationContext@6a402eb7: startup date [Tue Jun 09 21:59:45 BRT 2015]; parent: org.springframework.boot.context.embedded.AnnotationConfigEmbeddedWebApplicationContext@353180dc
2015-06-09 21:59:46.471  INFO 17625 --- [main] s.b.c.e.t.TomcatEmbeddedServletContainer : Tomcat started on port(s): 9001 (http)
2015-06-09 21:59:46.473  INFO 17625 --- [main] o.s.c.support.DefaultLifecycleProcessor  : Starting beans in phase 0
2015-06-09 21:59:46.867  INFO 17625 --- [main] s.b.c.e.t.TomcatEmbeddedServletContainer : Tomcat started on port(s): 9000 (http)
2015-06-09 21:59:46.869  INFO 17625 --- [main] b.c.n.w.enderecamento.WebApiApplication  : Started WebApiApplication in 13.633 seconds (JVM running for 14.631)
2015-06-09 21:59:51.284  INFO 17625 --- [http-nio-9000-exec-1] o.a.c.c.C.[Tomcat].[localhost].[/]       : Initializing Spring FrameworkServlet 'dispatcherServlet'
2015-06-09 21:59:51.284  INFO 17625 --- [http-nio-9000-exec-1] o.s.web.servlet.DispatcherServlet        : FrameworkServlet 'dispatcherServlet': initialization started
2015-06-09 21:59:51.323  INFO 17625 --- [http-nio-9000-exec-1] o.s.web.servlet.DispatcherServlet        : FrameworkServlet 'dispatcherServlet': initialization completed in 38 ms
2015-06-09 22:02:43.091  INFO 17625 --- [Thread-2] ationConfigEmbeddedWebApplicationContext : Closing org.springframework.boot.context.embedded.AnnotationConfigEmbeddedWebApplicationContext@353180dc: startup date [Tue Jun 09 21:59:34 BRT 2015]; root of context hierarchy
2015-06-09 22:02:43.092  INFO 17625 --- [Thread-2] ationConfigEmbeddedWebApplicationContext : Closing org.springframework.boot.context.embedded.AnnotationConfigEmbeddedWebApplicationContext@6a402eb7: startup date [Tue Jun 09 21:59:45 BRT 2015]; parent: org.springframework.boot.context.embedded.AnnotationConfigEmbeddedWebApplicationContext@353180dc
2015-06-09 22:02:43.112  INFO 17625 --- [Thread-2] o.s.c.support.DefaultLifecycleProcessor  : Stopping beans in phase 0
2015-06-09 22:02:43.118  INFO 17625 --- [Thread-2] o.s.j.e.a.AnnotationMBeanExporter        : Unregistering JMX-exposed beans on shutdown
